<?xml version="1.0" encoding="UTF-8"?>
<!-- Generated by org.testng.reporters.JUnitXMLReporter -->
<testsuite ignored="1" hostname="LAPTOP-O03F5P6F" failures="0" tests="1" name="Default test" time="0.066" errors="0" timestamp="2024-05-31T10:42:55 IST">
  <testcase classname="mavenpractice.JavaTest" name="deleteContactTest" time="0.014"/>
  <testcase classname="mavenpractice.JavaTest" name="demoTest" time="0.0">
    <ignored/>
  </testcase> <!-- demoTest -->
</testsuite> <!-- Default test -->
