<?xml version="1.0" encoding="UTF-8"?>
<testng-results ignored="1" total="2" passed="1" failed="0" skipped="0">
  <reporter-output>
  </reporter-output>
  <suite started-at="2024-05-31T10:42:55 IST" name="Default suite" finished-at="2024-05-31T10:42:55 IST" duration-ms="67">
    <groups>
    </groups>
    <test started-at="2024-05-31T10:42:55 IST" name="Default test" finished-at="2024-05-31T10:42:55 IST" duration-ms="67">
      <class name="mavenpractice.JavaTest">
        <test-method signature="deleteContactTest()[pri:0, instance:mavenpractice.JavaTest@15c43bd9]" started-at="2024-05-31T10:42:55 IST" name="deleteContactTest" finished-at="2024-05-31T10:42:55 IST" duration-ms="12" status="PASS">
          <reporter-output>
          </reporter-output>
        </test-method> <!-- deleteContactTest -->
      </class> <!-- mavenpractice.JavaTest -->
    </test> <!-- Default test -->
  </suite> <!-- Default suite -->
</testng-results>
